# JRE version: OpenJDK Runtime Environment (11.0.5+10) (build 11.0.5+10-b520.38)
# Java VM: OpenJDK 64-Bit Server VM (11.0.5+10-b520.38, mixed mode, sharing, tiered, compressed oops, g1 gc, windows-amd64)
Heap:
 garbage-first heap   total 131072K, used 41913K [0x0000000081200000, 0x0000000100000000)
  region size 1024K, 36 young (36864K), 8 survivors (8192K)
 Metaspace       used 27643K, capacity 28802K, committed 29104K, reserved 1075200K
  class space    used 3519K, capacity 4031K, committed 4096K, reserved 1048576K
GC Heap History (12 events):
Event: 2.072 GC heap before
{Heap before GC invocations=0 (full 0):
 garbage-first heap   total 131072K, used 13312K [0x0000000081200000, 0x0000000100000000)
  region size 1024K, 14 young (14336K), 0 survivors (0K)
 Metaspace       used 2811K, capacity 5291K, committed 5504K, reserved 1056768K
  class space    used 287K, capacity 531K, committed 640K, reserved 1048576K
}
Event: 2.082 GC heap after
{Heap after GC invocations=1 (full 0):
 garbage-first heap   total 131072K, used 5951K [0x0000000081200000, 0x0000000100000000)
  region size 1024K, 2 young (2048K), 2 survivors (2048K)
 Metaspace       used 2811K, capacity 5291K, committed 5504K, reserved 1056768K
  class space    used 287K, capacity 531K, committed 640K, reserved 1048576K
}
Event: 2.912 GC heap before
{Heap before GC invocations=1 (full 0):
 garbage-first heap   total 131072K, used 16191K [0x0000000081200000, 0x0000000100000000)
  region size 1024K, 12 young (12288K), 2 survivors (2048K)
 Metaspace       used 4622K, capacity 6903K, committed 7040K, reserved 1056768K
  class space    used 567K, capacity 888K, committed 896K, reserved 1048576K
}
Event: 2.917 GC heap after
{Heap after GC invocations=2 (full 0):
 garbage-first heap   total 131072K, used 6216K [0x0000000081200000, 0x0000000100000000)
  region size 1024K, 1 young (1024K), 1 survivors (1024K)
 Metaspace       used 4622K, capacity 6903K, committed 7040K, reserved 1056768K
  class space    used 567K, capacity 888K, committed 896K, reserved 1048576K
}
Event: 5.256 GC heap before
{Heap before GC invocations=2 (full 0):
 garbage-first heap   total 131072K, used 36936K [0x0000000081200000, 0x0000000100000000)
  region size 1024K, 31 young (31744K), 1 survivors (1024K)
 Metaspace       used 9662K, capacity 10931K, committed 11008K, reserved 1058816K
  class space    used 1200K, capacity 1469K, committed 1536K, reserved 1048576K
}
Event: 5.263 GC heap after
{Heap after GC invocations=3 (full 0):
 garbage-first heap   total 131072K, used 7833K [0x0000000081200000, 0x0000000100000000)
  region size 1024K, 3 young (3072K), 3 survivors (3072K)
 Metaspace       used 9662K, capacity 10931K, committed 11008K, reserved 1058816K
  class space    used 1200K, capacity 1469K, committed 1536K, reserved 1048576K
}
Event: 8.480 GC heap before
{Heap before GC invocations=3 (full 0):
 garbage-first heap   total 131072K, used 53913K [0x0000000081200000, 0x0000000100000000)
  region size 1024K, 48 young (49152K), 3 survivors (3072K)
 Metaspace       used 18364K, capacity 19177K, committed 19328K, reserved 1067008K
  class space    used 2343K, capacity 2679K, committed 2688K, reserved 1048576K
}
Event: 8.694 GC heap after
{Heap after GC invocations=4 (full 0):
 garbage-first heap   total 131072K, used 9750K [0x0000000081200000, 0x0000000100000000)
  region size 1024K, 4 young (4096K), 4 survivors (4096K)
 Metaspace       used 18364K, capacity 19177K, committed 19328K, reserved 1067008K
  class space    used 2343K, capacity 2679K, committed 2688K, reserved 1048576K
}
Event: 10.602 GC heap before
{Heap before GC invocations=4 (full 0):
 garbage-first heap   total 131072K, used 38422K [0x0000000081200000, 0x0000000100000000)
  region size 1024K, 33 young (33792K), 4 survivors (4096K)
 Metaspace       used 20344K, capacity 21215K, committed 21296K, reserved 1067008K
  class space    used 2567K, capacity 2923K, committed 2944K, reserved 1048576K
}
Event: 10.618 GC heap after
{Heap after GC invocations=5 (full 0):
 garbage-first heap   total 131072K, used 10661K [0x0000000081200000, 0x0000000100000000)
  region size 1024K, 5 young (5120K), 5 survivors (5120K)
 Metaspace       used 20344K, capacity 21215K, committed 21296K, reserved 1067008K
  class space    used 2567K, capacity 2923K, committed 2944K, reserved 1048576K
}
Event: 15.248 GC heap before
{Heap before GC invocations=6 (full 0):
 garbage-first heap   total 131072K, used 72101K [0x0000000081200000, 0x0000000100000000)
  region size 1024K, 65 young (66560K), 5 survivors (5120K)
 Metaspace       used 25777K, capacity 26822K, committed 27056K, reserved 1073152K
  class space    used 3265K, capacity 3713K, committed 3840K, reserved 1048576K
}
Event: 15.269 GC heap after
{Heap after GC invocations=7 (full 0):
 garbage-first heap   total 131072K, used 14265K [0x0000000081200000, 0x0000000100000000)
  region size 1024K, 8 young (8192K), 8 survivors (8192K)
 Metaspace       used 25777K, capacity 26822K, committed 27056K, reserved 1073152K
  class space    used 3265K, capacity 3713K, committed 3840K, reserved 1048576K
}

