<?xml version="1.0" encoding="UTF-8"?>
<testsuite xmlns:xsi="http://www.w3.org/2001/XMLSchema-instance" xsi:noNamespaceSchemaLocation="https://maven.apache.org/surefire/maven-surefire-plugin/xsd/surefire-test-report.xsd" name="Flag.FlagApplicationTests" time="18.617" tests="3" errors="0" skipped="0" failures="0">
  <properties>
[...]
</properties>
  <testcase name="StudentsTest" classname="Flag.FlagApplicationTests" time="5.346"/>
  <testcase name="contextLoads" classname="Flag.FlagApplicationTests" time="0.03"/>
  <testcase name="DOTest" classname="Flag.FlagApplicationTests" time="0.102"/>
</testsuite>